<?xml version="1.0" encoding="UTF-8" ?>
<testsuite errors="1" failures="0" hostname="gimdaeung-ui-MacBook-Pro.local" name="production.BMFC_PayAUTO.BMFC_Payment.TC_Pay004" skipped="0" tests="1" time="0.0" timestamp="2018-07-30T08:54:31">
  <properties>
    <property name="java.vendor" value="Oracle Corporation" />
    <property name="sun.java.launcher" value="SUN_STANDARD" />
    <property name="sun.management.compiler" value="HotSpot 64-Bit Tiered Compilers" />
    <property name="test.class.dir" value="/Users/cerari/IdeaProjects/BMFC_PayAUTO/out" />
    <property name="os.name" value="Mac OS X" />
    <property name="sun.boot.class.path" value="/Library/Java/JavaVirtualMachines/jdk1.8.0_171.jdk/Contents/Home/jre/lib/resources.jar:/Library/Java/JavaVirtualMachines/jdk1.8.0_171.jdk/Contents/Home/jre/lib/rt.jar:/Library/Java/JavaVirtualMachines/jdk1.8.0_171.jdk/Contents/Home/jre/lib/sunrsasign.jar:/Library/Java/JavaVirtualMachines/jdk1.8.0_171.jdk/Contents/Home/jre/lib/jsse.jar:/Library/Java/JavaVirtualMachines/jdk1.8.0_171.jdk/Contents/Home/jre/lib/jce.jar:/Library/Java/JavaVirtualMachines/jdk1.8.0_171.jdk/Contents/Home/jre/lib/charsets.jar:/Library/Java/JavaVirtualMachines/jdk1.8.0_171.jdk/Contents/Home/jre/lib/jfr.jar:/Library/Java/JavaVirtualMachines/jdk1.8.0_171.jdk/Contents/Home/jre/classes" />
    <property name="java.vm.specification.vendor" value="Oracle Corporation" />
    <property name="test.failed" value="true" />
    <property name="ant.home" value="/Applications/IntelliJ IDEA CE.app/Contents/lib/ant" />
    <property name="java.runtime.version" value="1.8.0_171-b11" />
    <property name="user.name" value="cerari" />
    <property name="user.language.format" value="ko-Kore" />
    <property name="user.language" value="ko" />
    <property name="test.report.dir" value="/Users/cerari/IdeaProjects/BMFC_PayAUTO/testreport" />
    <property name="sun.boot.library.path" value="/Library/Java/JavaVirtualMachines/jdk1.8.0_171.jdk/Contents/Home/jre/lib" />
    <property name="ant.project.default-target" value="main" />
    <property name="ant.project.name" value="JUNIT" />
    <property name="java.version" value="1.8.0_171" />
    <property name="user.timezone" value="" />
    <property name="sun.arch.data.model" value="64" />
    <property name="http.nonProxyHosts" value="local|*.local|169.254/16|*.169.254/16|lx.astxsvc.com|*.lx.astxsvc.com" />
    <property name="java.endorsed.dirs" value="/Library/Java/JavaVirtualMachines/jdk1.8.0_171.jdk/Contents/Home/jre/lib/endorsed" />
    <property name="sun.cpu.isalist" value="" />
    <property name="sun.jnu.encoding" value="UTF-8" />
    <property name="file.encoding.pkg" value="sun.io" />
    <property name="file.separator" value="/" />
    <property name="java.specification.name" value="Java Platform API Specification" />
    <property name="java.class.version" value="52.0" />
    <property name="user.country" value="KR" />
    <property name="java.home" value="/Library/Java/JavaVirtualMachines/jdk1.8.0_171.jdk/Contents/Home/jre" />
    <property name="java.vm.info" value="mixed mode" />
    <property name="ant.file" value="/Users/cerari/IdeaProjects/BMFC_PayAUTO/build.xml" />
    <property name="os.version" value="10.13.6" />
    <property name="path.separator" value=":" />
    <property name="java.vm.version" value="25.171-b11" />
    <property name="ant.library.dir" value="/Applications/IntelliJ IDEA CE.app/Contents/lib/ant/lib" />
    <property name="java.awt.printerjob" value="sun.lwawt.macosx.CPrinterJob" />
    <property name="sun.io.unicode.encoding" value="UnicodeBig" />
    <property name="ant.file.type.JUNIT" value="file" />
    <property name="awt.toolkit" value="sun.lwawt.macosx.LWCToolkit" />
    <property name="socksNonProxyHosts" value="local|*.local|169.254/16|*.169.254/16|lx.astxsvc.com|*.lx.astxsvc.com" />
    <property name="ftp.nonProxyHosts" value="local|*.local|169.254/16|*.169.254/16|lx.astxsvc.com|*.lx.astxsvc.com" />
    <property name="ant.file.JUNIT" value="/Users/cerari/IdeaProjects/BMFC_PayAUTO/build.xml" />
    <property name="user.home" value="/Users/cerari" />
    <property name="java.specification.vendor" value="Oracle Corporation" />
    <property name="java.library.path" value="/Users/cerari/Library/Java/Extensions:/Library/Java/Extensions:/Network/Library/Java/Extensions:/System/Library/Java/Extensions:/usr/lib/java:." />
    <property name="java.vendor.url" value="http://java.oracle.com/" />
    <property name="java.vm.vendor" value="Oracle Corporation" />
    <property name="gopherProxySet" value="false" />
    <property name="java.runtime.name" value="Java(TM) SE Runtime Environment" />
    <property name="sun.java.command" value="org.apache.tools.ant.taskdefs.optional.junit.JUnitTestRunner production.BMFC_PayAUTO.BMFC_Payment.TC_Pay004 skipNonTests=false filtertrace=true haltOnError=false haltOnFailure=false formatter=org.apache.tools.ant.taskdefs.optional.junit.SummaryJUnitResultFormatter showoutput=false outputtoformatters=true logfailedtests=true threadid=0 logtestlistenerevents=false formatter=org.apache.tools.ant.taskdefs.optional.junit.XMLJUnitResultFormatter,/Users/cerari/IdeaProjects/BMFC_PayAUTO/testreport/TEST-production.BMFC_PayAUTO.BMFC_Payment.TC_Pay004.xml crashfile=/Users/cerari/IdeaProjects/BMFC_PayAUTO/junitvmwatcher9089396638016985117.properties propsfile=/Users/cerari/IdeaProjects/BMFC_PayAUTO/junit2227312657949099441.properties" />
    <property name="java.class.path" value="/Users/cerari/IdeaProjects/BMFC_PayAUTO/lib/byte-buddy-1.8.3.jar:/Users/cerari/IdeaProjects/BMFC_PayAUTO/lib/client-combined-3.12.0-sources.jar:/Users/cerari/IdeaProjects/BMFC_PayAUTO/lib/client-combined-3.12.0.jar:/Users/cerari/IdeaProjects/BMFC_PayAUTO/lib/commons-codec-1.10.jar:/Users/cerari/IdeaProjects/BMFC_PayAUTO/lib/commons-exec-1.3.jar:/Users/cerari/IdeaProjects/BMFC_PayAUTO/lib/commons-logging-1.2.jar:/Users/cerari/IdeaProjects/BMFC_PayAUTO/lib/gson-2.8.2.jar:/Users/cerari/IdeaProjects/BMFC_PayAUTO/lib/guava-23.6-jre.jar:/Users/cerari/IdeaProjects/BMFC_PayAUTO/lib/httpclient-4.5.3.jar:/Users/cerari/IdeaProjects/BMFC_PayAUTO/lib/httpcore-4.4.6.jar:/Users/cerari/IdeaProjects/BMFC_PayAUTO/lib/junit.jar:/Users/cerari/IdeaProjects/BMFC_PayAUTO/lib/okhttp-3.9.1.jar:/Users/cerari/IdeaProjects/BMFC_PayAUTO/lib/okio-1.13.0.jar:/Users/cerari/IdeaProjects/BMFC_PayAUTO/lib/org.hamcrest.core_1.3.0.v201303031735.jar:/Users/cerari/IdeaProjects/BMFC_PayAUTO/lib/selenium-server-standalone-3.12.0.jar:/Users/cerari/IdeaProjects/BMFC_PayAUTO/out:/Applications/IntelliJ IDEA CE.app/Contents/lib/ant/lib/ant-launcher.jar:/Applications/IntelliJ IDEA CE.app/Contents/lib/ant/lib/ant.jar:/Applications/IntelliJ IDEA CE.app/Contents/lib/ant/lib/ant-junit.jar:/Applications/IntelliJ IDEA CE.app/Contents/lib/ant/lib/ant-junit4.jar" />
    <property name="ant.version" value="Apache Ant(TM) version 1.9.4 compiled on April 29 2014" />
    <property name="java.vm.specification.name" value="Java Virtual Machine Specification" />
    <property name="ant.file.type" value="file" />
    <property name="java.vm.specification.version" value="1.8" />
    <property name="sun.cpu.endian" value="little" />
    <property name="sun.os.patch.level" value="unknown" />
    <property name="java.io.tmpdir" value="/var/folders/c4/n56383nx79xbn39wn6bjj4xh0000gn/T/" />
    <property name="java.vendor.url.bug" value="http://bugreport.sun.com/bugreport/" />
    <property name="os.arch" value="x86_64" />
    <property name="java.awt.graphicsenv" value="sun.awt.CGraphicsEnvironment" />
    <property name="java.ext.dirs" value="/Users/cerari/Library/Java/Extensions:/Library/Java/JavaVirtualMachines/jdk1.8.0_171.jdk/Contents/Home/jre/lib/ext:/Library/Java/Extensions:/Network/Library/Java/Extensions:/System/Library/Java/Extensions:/usr/lib/java" />
    <property name="user.dir" value="/Users/cerari/IdeaProjects/BMFC_PayAUTO" />
    <property name="line.separator" value="&#xa;" />
    <property name="java.vm.name" value="Java HotSpot(TM) 64-Bit Server VM" />
    <property name="basedir" value="/Users/cerari/IdeaProjects/BMFC_PayAUTO" />
    <property name="ant.java.version" value="1.8" />
    <property name="ant.core.lib" value="/Applications/IntelliJ IDEA CE.app/Contents/lib/ant/lib/ant.jar" />
    <property name="file.encoding" value="UTF-8" />
    <property name="java.specification.version" value="1.8" />
    <property name="ant.project.invoked-targets" value="main" />
  </properties>
  <error message="production/BMFC_PayAUTO/BMFC_Payment/TC_Pay004 (wrong name: BMFC_Payment/TC_Pay004)" type="java.lang.NoClassDefFoundError">java.lang.NoClassDefFoundError: production/BMFC_PayAUTO/BMFC_Payment/TC_Pay004 (wrong name: BMFC_Payment/TC_Pay004)
	at java.lang.ClassLoader.defineClass1(Native Method)
	at java.lang.ClassLoader.defineClass(ClassLoader.java:763)
	at java.security.SecureClassLoader.defineClass(SecureClassLoader.java:142)
	at java.net.URLClassLoader.defineClass(URLClassLoader.java:467)
	at java.net.URLClassLoader.access$100(URLClassLoader.java:73)
	at java.net.URLClassLoader$1.run(URLClassLoader.java:368)
	at java.net.URLClassLoader$1.run(URLClassLoader.java:362)
	at java.security.AccessController.doPrivileged(Native Method)
	at java.net.URLClassLoader.findClass(URLClassLoader.java:361)
	at java.lang.ClassLoader.loadClass(ClassLoader.java:424)
	at sun.misc.Launcher$AppClassLoader.loadClass(Launcher.java:349)
	at java.lang.ClassLoader.loadClass(ClassLoader.java:357)
	at java.lang.Class.forName0(Native Method)
	at java.lang.Class.forName(Class.java:264)
</error>
  <system-out><![CDATA[]]></system-out>
  <system-err><![CDATA[]]></system-err>
</testsuite>
